Arguments: 
  /usr/local/bin/node /usr/local/bin/yarn add @types/react-whatsapp

PATH: 
  /Library/Frameworks/Python.framework/Versions/3.10/bin:/opt/homebrew/bin:/opt/homebrew/sbin:/usr/local/bin:/System/Cryptexes/App/usr/bin:/usr/bin:/bin:/usr/sbin:/sbin:/usr/local/share/dotnet:~/.dotnet/tools:/Library/Apple/usr/bin:/Library/Frameworks/Mono.framework/Versions/Current/Commands:/Library/Frameworks/Python.framework/Versions/3.10/bin:/opt/homebrew/bin:/opt/homebrew/sbin:/Users/pedromaia/.fig/bin:/Users/pedromaia/.local/bin

Yarn version: 
  1.22.19

Node version: 
  16.16.0

Platform: 
  darwin arm64

Trace: 
  Error: https://registry.yarnpkg.com/@types%2freact-whatsapp: Not found
      at Request.params.callback [as _callback] (/usr/local/lib/node_modules/yarn/lib/cli.js:66145:18)
      at Request.self.callback (/usr/local/lib/node_modules/yarn/lib/cli.js:140890:22)
      at Request.emit (node:events:527:28)
      at Request.<anonymous> (/usr/local/lib/node_modules/yarn/lib/cli.js:141862:10)
      at Request.emit (node:events:527:28)
      at IncomingMessage.<anonymous> (/usr/local/lib/node_modules/yarn/lib/cli.js:141784:12)
      at Object.onceWrapper (node:events:641:28)
      at IncomingMessage.emit (node:events:539:35)
      at endReadableNT (node:internal/streams/readable:1345:12)
      at processTicksAndRejections (node:internal/process/task_queues:83:21)

npm manifest: 
  {
    "dependencies": {
      "gsap": "^3.11.3",
      "react-gsap": "^3.2.1",
      "react-whatsapp": "^0.3.0"
    }
  }

yarn manifest: 
  No manifest

Lockfile: 
  # THIS IS AN AUTOGENERATED FILE. DO NOT EDIT THIS FILE DIRECTLY.
  # yarn lockfile v1
  
  
  gsap@^3.11.3:
    version "3.11.3"
    resolved "https://registry.yarnpkg.com/gsap/-/gsap-3.11.3.tgz#ca5be827f56fe8d5720e08343390f74fb89a05f3"
    integrity sha512-xc/iIJy+LWiMbRa4IdMtdnnKa/7PXEK6NNzV71gdOYUVeTZN7UWnLU0fB7Hi1iwiz4ZZoYkBZPPYGg+2+zzFHA==
  
  react-gsap@^3.2.1:
    version "3.2.1"
    resolved "https://registry.yarnpkg.com/react-gsap/-/react-gsap-3.2.1.tgz#15c7a0e06c4cdda6ac36ccfcd49f58ba6c3cfbc5"
    integrity sha512-IX6XiN1a74hmU385yNZAYV1cFe3/Xmbg8eT99VCjmz7yzQq1qIsR47gkX5rkWeml9KmyEgiIzqArYaipPkKIbw==
    dependencies:
      react-is "^16.13.1"
  
  react-is@^16.13.1:
    version "16.13.1"
    resolved "https://registry.yarnpkg.com/react-is/-/react-is-16.13.1.tgz#789729a4dc36de2999dc156dd6c1d9c18cea56a4"
    integrity sha512-24e6ynE2H+OKt4kqsOvNd8kBpV65zoxbA4BVsEOB3ARVWQki/DHzaUoC5KuON/BiccDaCCTZBuOcfZs70kR8bQ==
  
  react-whatsapp@^0.3.0:
    version "0.3.0"
    resolved "https://registry.yarnpkg.com/react-whatsapp/-/react-whatsapp-0.3.0.tgz#1d8909939112b90411a70189be2677bdb6d53ac6"
    integrity sha512-ZuCKhd30crVVNdLf/3BfDffqEOZLFW6mYRITA4fB6Vk5p3TU1Gl3YfTEfLE/7W+kTuwYPzF6aDnzbNt6GcatiQ==
